The system is: Linux - 3.10.0-1160.80.1.el7.x86_64 - x86_64
Compiling the CXX compiler identification source file "CMakeCXXCompilerId.cpp" succeeded.
Compiler: /cvmfs/cms.cern.ch/slc7_amd64_gcc900/external/gcc/9.3.0/bin/c++ 
Build flags: 
Id flags:  

The output was:
0


Compilation of the CXX compiler identification source "CMakeCXXCompilerId.cpp" produced "a.out"

The CXX compiler identification is GNU, found in "/workfs2/cms/huahuil/4topCode/CMSSW_10_2_20_UL/src/FourTop/objectSelection/objectSelectionOptimized/build/CMakeFiles/3.18.2/CompilerIdCXX/a.out"

Detecting CXX compiler ABI info compiled with the following output:
Change Dir: /workfs2/cms/huahuil/4topCode/CMSSW_10_2_20_UL/src/FourTop/objectSelection/objectSelectionOptimized/build/CMakeFiles/CMakeTmp

Run Build Command(s):/cvmfs/cms.cern.ch/slc7_amd64_gcc900/cms/cmssw/CMSSW_12_2_4/external/slc7_amd64_gcc900/bin/gmake cmTC_3639a/fast && /cvmfs/cms.cern.ch/slc7_amd64_gcc900/cms/cmssw/CMSSW_12_2_4/external/slc7_amd64_gcc900/bin/gmake  -f CMakeFiles/cmTC_3639a.dir/build.make CMakeFiles/cmTC_3639a.dir/build
gmake[1]: Entering directory '/workfs2/cms/huahuil/4topCode/CMSSW_10_2_20_UL/src/FourTop/objectSelection/objectSelectionOptimized/build/CMakeFiles/CMakeTmp'
Building CXX object CMakeFiles/cmTC_3639a.dir/CMakeCXXCompilerABI.cpp.o
/cvmfs/cms.cern.ch/slc7_amd64_gcc900/external/gcc/9.3.0/bin/c++   -v -o CMakeFiles/cmTC_3639a.dir/CMakeCXXCompilerABI.cpp.o -c /cvmfs/cms.cern.ch/slc7_amd64_gcc900/external/cmake/3.18.2/share/cmake-3.18/Modules/CMakeCXXCompilerABI.cpp
Using built-in specs.
COLLECT_GCC=/cvmfs/cms.cern.ch/slc7_amd64_gcc900/external/gcc/9.3.0/bin/c++
Target: x86_64-unknown-linux-gnu
Configured with: ../configure --prefix=/data/cmsbld/jenkins/workspace/auto-builds/CMSSW_11_1_0_pre6-slc7_amd64_gcc900/build/CMSSW_11_1_0_pre6-build/tmp/BUILDROOT/610f04827ed0f827de9b8700ad3d9670/opt/cmssw/slc7_amd64_gcc900/external/gcc/9.3.0 --disable-multilib --disable-nls --disable-dssi --enable-languages=c,c++,fortran --enable-gnu-indirect-function --enable-__cxa_atexit --disable-libunwind-exceptions --enable-gnu-unique-object --enable-plugin --with-linker-hash-style=gnu --enable-linker-build-id --enable-ld=default --enable-lto --enable-gold=yes --with-gmp=/data/cmsbld/jenkins/workspace/auto-builds/CMSSW_11_1_0_pre6-slc7_amd64_gcc900/build/CMSSW_11_1_0_pre6-build/tmp/BUILDROOT/610f04827ed0f827de9b8700ad3d9670/opt/cmssw/slc7_amd64_gcc900/external/gcc/9.3.0 --with-mpfr=/data/cmsbld/jenkins/workspace/auto-builds/CMSSW_11_1_0_pre6-slc7_amd64_gcc900/build/CMSSW_11_1_0_pre6-build/tmp/BUILDROOT/610f04827ed0f827de9b8700ad3d9670/opt/cmssw/slc7_amd64_gcc900/external/gcc/9.3.0 --enable-bootstrap --with-mpc=/data/cmsbld/jenkins/workspace/auto-builds/CMSSW_11_1_0_pre6-slc7_amd64_gcc900/build/CMSSW_11_1_0_pre6-build/tmp/BUILDROOT/610f04827ed0f827de9b8700ad3d9670/opt/cmssw/slc7_amd64_gcc900/external/gcc/9.3.0 --with-isl=/data/cmsbld/jenkins/workspace/auto-builds/CMSSW_11_1_0_pre6-slc7_amd64_gcc900/build/CMSSW_11_1_0_pre6-build/tmp/BUILDROOT/610f04827ed0f827de9b8700ad3d9670/opt/cmssw/slc7_amd64_gcc900/external/gcc/9.3.0 --enable-checking=release --build=x86_64-unknown-linux-gnu --host=x86_64-unknown-linux-gnu --enable-libstdcxx-time=rt --enable-shared --disable-libgcj CC='gcc -fPIC' CXX='c++ -fPIC' CPP=cpp CXXCPP='c++ -E' CFLAGS=-I/data/cmsbld/jenkins/workspace/auto-builds/CMSSW_11_1_0_pre6-slc7_amd64_gcc900/build/CMSSW_11_1_0_pre6-build/tmp/BUILDROOT/610f04827ed0f827de9b8700ad3d9670/opt/cmssw/slc7_amd64_gcc900/external/gcc/9.3.0/tmp/sw/include CXXFLAGS=-I/data/cmsbld/jenkins/workspace/auto-builds/CMSSW_11_1_0_pre6-slc7_amd64_gcc900/build/CMSSW_11_1_0_pre6-build/tmp/BUILDROOT/610f04827ed0f827de9b8700ad3d9670/opt/cmssw/slc7_amd64_gcc900/external/gcc/9.3.0/tmp/sw/include LDFLAGS=-L/data/cmsbld/jenkins/workspace/auto-builds/CMSSW_11_1_0_pre6-slc7_amd64_gcc900/build/CMSSW_11_1_0_pre6-build/tmp/BUILDROOT/610f04827ed0f827de9b8700ad3d9670/opt/cmssw/slc7_amd64_gcc900/external/gcc/9.3.0/tmp/sw/lib
Thread model: posix
gcc version 9.3.0 (GCC) 
COLLECT_GCC_OPTIONS='-v' '-o' 'CMakeFiles/cmTC_3639a.dir/CMakeCXXCompilerABI.cpp.o' '-c' '-shared-libgcc' '-mtune=generic' '-march=x86-64'
 /cvmfs/cms.cern.ch/slc7_amd64_gcc900/external/gcc/9.3.0/bin/../libexec/gcc/x86_64-unknown-linux-gnu/9.3.0/cc1plus -quiet -v -iprefix /cvmfs/cms.cern.ch/slc7_amd64_gcc900/external/gcc/9.3.0/bin/../lib/gcc/x86_64-unknown-linux-gnu/9.3.0/ -D_GNU_SOURCE /cvmfs/cms.cern.ch/slc7_amd64_gcc900/external/cmake/3.18.2/share/cmake-3.18/Modules/CMakeCXXCompilerABI.cpp -quiet -dumpbase CMakeCXXCompilerABI.cpp -mtune=generic -march=x86-64 -auxbase-strip CMakeFiles/cmTC_3639a.dir/CMakeCXXCompilerABI.cpp.o -version -fabi-version=0 -o /tmp/ccrMux92.s
GNU C++14 (GCC) version 9.3.0 (x86_64-unknown-linux-gnu)
	compiled by GNU C version 9.3.0, GMP version 6.2.0, MPFR version 4.0.2, MPC version 1.1.0, isl version isl-0.21-GMP

GGC heuristics: --param ggc-min-expand=100 --param ggc-min-heapsize=131072
ignoring nonexistent directory "/cvmfs/cms.cern.ch/slc7_amd64_gcc900/external/gcc/9.3.0/bin/../lib/gcc/x86_64-unknown-linux-gnu/9.3.0/../../../../x86_64-unknown-linux-gnu/include"
ignoring duplicate directory "/cvmfs/cms.cern.ch/slc7_amd64_gcc900/external/gcc/9.3.0/bin/../lib/gcc/../../lib/gcc/x86_64-unknown-linux-gnu/9.3.0/../../../../include/c++/9.3.0"
ignoring duplicate directory "/cvmfs/cms.cern.ch/slc7_amd64_gcc900/external/gcc/9.3.0/bin/../lib/gcc/../../lib/gcc/x86_64-unknown-linux-gnu/9.3.0/../../../../include/c++/9.3.0/x86_64-unknown-linux-gnu"
ignoring duplicate directory "/cvmfs/cms.cern.ch/slc7_amd64_gcc900/external/gcc/9.3.0/bin/../lib/gcc/../../lib/gcc/x86_64-unknown-linux-gnu/9.3.0/../../../../include/c++/9.3.0/backward"
ignoring duplicate directory "/cvmfs/cms.cern.ch/slc7_amd64_gcc900/external/gcc/9.3.0/bin/../lib/gcc/../../lib/gcc/x86_64-unknown-linux-gnu/9.3.0/include"
ignoring duplicate directory "/cvmfs/cms.cern.ch/slc7_amd64_gcc900/external/gcc/9.3.0/bin/../lib/gcc/../../lib/gcc/x86_64-unknown-linux-gnu/9.3.0/include-fixed"
ignoring nonexistent directory "/cvmfs/cms.cern.ch/slc7_amd64_gcc900/external/gcc/9.3.0/bin/../lib/gcc/../../lib/gcc/x86_64-unknown-linux-gnu/9.3.0/../../../../x86_64-unknown-linux-gnu/include"
#include "..." search starts here:
#include <...> search starts here:
 /cvmfs/cms.cern.ch/slc7_amd64_gcc900/external/gcc/9.3.0/bin/../lib/gcc/x86_64-unknown-linux-gnu/9.3.0/../../../../include/c++/9.3.0
 /cvmfs/cms.cern.ch/slc7_amd64_gcc900/external/gcc/9.3.0/bin/../lib/gcc/x86_64-unknown-linux-gnu/9.3.0/../../../../include/c++/9.3.0/x86_64-unknown-linux-gnu
 /cvmfs/cms.cern.ch/slc7_amd64_gcc900/external/gcc/9.3.0/bin/../lib/gcc/x86_64-unknown-linux-gnu/9.3.0/../../../../include/c++/9.3.0/backward
 /cvmfs/cms.cern.ch/slc7_amd64_gcc900/external/gcc/9.3.0/bin/../lib/gcc/x86_64-unknown-linux-gnu/9.3.0/include
 /cvmfs/cms.cern.ch/slc7_amd64_gcc900/external/gcc/9.3.0/bin/../lib/gcc/x86_64-unknown-linux-gnu/9.3.0/include-fixed
 /usr/local/include
 /cvmfs/cms.cern.ch/slc7_amd64_gcc900/external/gcc/9.3.0/bin/../lib/gcc/../../include
 /usr/include
End of search list.
GNU C++14 (GCC) version 9.3.0 (x86_64-unknown-linux-gnu)
	compiled by GNU C version 9.3.0, GMP version 6.2.0, MPFR version 4.0.2, MPC version 1.1.0, isl version isl-0.21-GMP

GGC heuristics: --param ggc-min-expand=100 --param ggc-min-heapsize=131072
Compiler executable checksum: 89553d93bbed0b6688c54faff415c0e7
COLLECT_GCC_OPTIONS='-v' '-o' 'CMakeFiles/cmTC_3639a.dir/CMakeCXXCompilerABI.cpp.o' '-c' '-shared-libgcc' '-mtune=generic' '-march=x86-64'
 /cvmfs/cms.cern.ch/slc7_amd64_gcc900/external/gcc/9.3.0/bin/../lib/gcc/x86_64-unknown-linux-gnu/9.3.0/../../../../x86_64-unknown-linux-gnu/bin/as -v --64 -o CMakeFiles/cmTC_3639a.dir/CMakeCXXCompilerABI.cpp.o /tmp/ccrMux92.s
GNU assembler version 2.32 (x86_64-unknown-linux-gnu) using BFD version (GNU Binutils) 2.32
COMPILER_PATH=/cvmfs/cms.cern.ch/slc7_amd64_gcc900/external/gcc/9.3.0/bin/../libexec/gcc/x86_64-unknown-linux-gnu/9.3.0/:/cvmfs/cms.cern.ch/slc7_amd64_gcc900/external/gcc/9.3.0/bin/../libexec/gcc/:/cvmfs/cms.cern.ch/slc7_amd64_gcc900/external/gcc/9.3.0/bin/../lib/gcc/x86_64-unknown-linux-gnu/9.3.0/../../../../x86_64-unknown-linux-gnu/bin/
LIBRARY_PATH=/cvmfs/cms.cern.ch/slc7_amd64_gcc900/external/gcc/9.3.0/bin/../lib/gcc/x86_64-unknown-linux-gnu/9.3.0/:/cvmfs/cms.cern.ch/slc7_amd64_gcc900/external/gcc/9.3.0/bin/../lib/gcc/:/cvmfs/cms.cern.ch/slc7_amd64_gcc900/external/gcc/9.3.0/bin/../lib/gcc/x86_64-unknown-linux-gnu/9.3.0/../../../../lib64/:/lib/../lib64/:/usr/lib/../lib64/:/cvmfs/cms.cern.ch/slc7_amd64_gcc900/external/gcc/9.3.0/bin/../lib/gcc/x86_64-unknown-linux-gnu/9.3.0/../../../../x86_64-unknown-linux-gnu/lib/:/cvmfs/cms.cern.ch/slc7_amd64_gcc900/external/gcc/9.3.0/bin/../lib/gcc/x86_64-unknown-linux-gnu/9.3.0/../../../:/lib/:/usr/lib/
COLLECT_GCC_OPTIONS='-v' '-o' 'CMakeFiles/cmTC_3639a.dir/CMakeCXXCompilerABI.cpp.o' '-c' '-shared-libgcc' '-mtune=generic' '-march=x86-64'
Linking CXX executable cmTC_3639a
/cvmfs/cms.cern.ch/slc7_amd64_gcc900/external/cmake/3.18.2/bin/cmake -E cmake_link_script CMakeFiles/cmTC_3639a.dir/link.txt --verbose=1
/cvmfs/cms.cern.ch/slc7_amd64_gcc900/external/gcc/9.3.0/bin/c++  -v CMakeFiles/cmTC_3639a.dir/CMakeCXXCompilerABI.cpp.o -o cmTC_3639a 
Using built-in specs.
COLLECT_GCC=/cvmfs/cms.cern.ch/slc7_amd64_gcc900/external/gcc/9.3.0/bin/c++
COLLECT_LTO_WRAPPER=/cvmfs/cms.cern.ch/slc7_amd64_gcc900/external/gcc/9.3.0/bin/../libexec/gcc/x86_64-unknown-linux-gnu/9.3.0/lto-wrapper
Target: x86_64-unknown-linux-gnu
Configured with: ../configure --prefix=/data/cmsbld/jenkins/workspace/auto-builds/CMSSW_11_1_0_pre6-slc7_amd64_gcc900/build/CMSSW_11_1_0_pre6-build/tmp/BUILDROOT/610f04827ed0f827de9b8700ad3d9670/opt/cmssw/slc7_amd64_gcc900/external/gcc/9.3.0 --disable-multilib --disable-nls --disable-dssi --enable-languages=c,c++,fortran --enable-gnu-indirect-function --enable-__cxa_atexit --disable-libunwind-exceptions --enable-gnu-unique-object --enable-plugin --with-linker-hash-style=gnu --enable-linker-build-id --enable-ld=default --enable-lto --enable-gold=yes --with-gmp=/data/cmsbld/jenkins/workspace/auto-builds/CMSSW_11_1_0_pre6-slc7_amd64_gcc900/build/CMSSW_11_1_0_pre6-build/tmp/BUILDROOT/610f04827ed0f827de9b8700ad3d9670/opt/cmssw/slc7_amd64_gcc900/external/gcc/9.3.0 --with-mpfr=/data/cmsbld/jenkins/workspace/auto-builds/CMSSW_11_1_0_pre6-slc7_amd64_gcc900/build/CMSSW_11_1_0_pre6-build/tmp/BUILDROOT/610f04827ed0f827de9b8700ad3d9670/opt/cmssw/slc7_amd64_gcc900/external/gcc/9.3.0 --enable-bootstrap --with-mpc=/data/cmsbld/jenkins/workspace/auto-builds/CMSSW_11_1_0_pre6-slc7_amd64_gcc900/build/CMSSW_11_1_0_pre6-build/tmp/BUILDROOT/610f04827ed0f827de9b8700ad3d9670/opt/cmssw/slc7_amd64_gcc900/external/gcc/9.3.0 --with-isl=/data/cmsbld/jenkins/workspace/auto-builds/CMSSW_11_1_0_pre6-slc7_amd64_gcc900/build/CMSSW_11_1_0_pre6-build/tmp/BUILDROOT/610f04827ed0f827de9b8700ad3d9670/opt/cmssw/slc7_amd64_gcc900/external/gcc/9.3.0 --enable-checking=release --build=x86_64-unknown-linux-gnu --host=x86_64-unknown-linux-gnu --enable-libstdcxx-time=rt --enable-shared --disable-libgcj CC='gcc -fPIC' CXX='c++ -fPIC' CPP=cpp CXXCPP='c++ -E' CFLAGS=-I/data/cmsbld/jenkins/workspace/auto-builds/CMSSW_11_1_0_pre6-slc7_amd64_gcc900/build/CMSSW_11_1_0_pre6-build/tmp/BUILDROOT/610f04827ed0f827de9b8700ad3d9670/opt/cmssw/slc7_amd64_gcc900/external/gcc/9.3.0/tmp/sw/include CXXFLAGS=-I/data/cmsbld/jenkins/workspace/auto-builds/CMSSW_11_1_0_pre6-slc7_amd64_gcc900/build/CMSSW_11_1_0_pre6-build/tmp/BUILDROOT/610f04827ed0f827de9b8700ad3d9670/opt/cmssw/slc7_amd64_gcc900/external/gcc/9.3.0/tmp/sw/include LDFLAGS=-L/data/cmsbld/jenkins/workspace/auto-builds/CMSSW_11_1_0_pre6-slc7_amd64_gcc900/build/CMSSW_11_1_0_pre6-build/tmp/BUILDROOT/610f04827ed0f827de9b8700ad3d9670/opt/cmssw/slc7_amd64_gcc900/external/gcc/9.3.0/tmp/sw/lib
Thread model: posix
gcc version 9.3.0 (GCC) 
COMPILER_PATH=/cvmfs/cms.cern.ch/slc7_amd64_gcc900/external/gcc/9.3.0/bin/../libexec/gcc/x86_64-unknown-linux-gnu/9.3.0/:/cvmfs/cms.cern.ch/slc7_amd64_gcc900/external/gcc/9.3.0/bin/../libexec/gcc/:/cvmfs/cms.cern.ch/slc7_amd64_gcc900/external/gcc/9.3.0/bin/../lib/gcc/x86_64-unknown-linux-gnu/9.3.0/../../../../x86_64-unknown-linux-gnu/bin/
LIBRARY_PATH=/cvmfs/cms.cern.ch/slc7_amd64_gcc900/external/gcc/9.3.0/bin/../lib/gcc/x86_64-unknown-linux-gnu/9.3.0/:/cvmfs/cms.cern.ch/slc7_amd64_gcc900/external/gcc/9.3.0/bin/../lib/gcc/:/cvmfs/cms.cern.ch/slc7_amd64_gcc900/external/gcc/9.3.0/bin/../lib/gcc/x86_64-unknown-linux-gnu/9.3.0/../../../../lib64/:/lib/../lib64/:/usr/lib/../lib64/:/cvmfs/cms.cern.ch/slc7_amd64_gcc900/external/gcc/9.3.0/bin/../lib/gcc/x86_64-unknown-linux-gnu/9.3.0/../../../../x86_64-unknown-linux-gnu/lib/:/cvmfs/cms.cern.ch/slc7_amd64_gcc900/external/gcc/9.3.0/bin/../lib/gcc/x86_64-unknown-linux-gnu/9.3.0/../../../:/lib/:/usr/lib/
COLLECT_GCC_OPTIONS='-v' '-o' 'cmTC_3639a' '-shared-libgcc' '-mtune=generic' '-march=x86-64'
 /cvmfs/cms.cern.ch/slc7_amd64_gcc900/external/gcc/9.3.0/bin/../libexec/gcc/x86_64-unknown-linux-gnu/9.3.0/collect2 -plugin /cvmfs/cms.cern.ch/slc7_amd64_gcc900/external/gcc/9.3.0/bin/../libexec/gcc/x86_64-unknown-linux-gnu/9.3.0/liblto_plugin.so -plugin-opt=/cvmfs/cms.cern.ch/slc7_amd64_gcc900/external/gcc/9.3.0/bin/../libexec/gcc/x86_64-unknown-linux-gnu/9.3.0/lto-wrapper -plugin-opt=-fresolution=/tmp/ccfOFFGs.res -plugin-opt=-pass-through=-lgcc_s -plugin-opt=-pass-through=-lgcc -plugin-opt=-pass-through=-lc -plugin-opt=-pass-through=-lgcc_s -plugin-opt=-pass-through=-lgcc --build-id --eh-frame-hdr --hash-style=gnu -m elf_x86_64 -dynamic-linker /lib64/ld-linux-x86-64.so.2 -z common-page-size=4096 -z max-page-size=4096 -o cmTC_3639a /lib/../lib64/crt1.o /lib/../lib64/crti.o /cvmfs/cms.cern.ch/slc7_amd64_gcc900/external/gcc/9.3.0/bin/../lib/gcc/x86_64-unknown-linux-gnu/9.3.0/crtbegin.o -L/cvmfs/cms.cern.ch/slc7_amd64_gcc900/external/gcc/9.3.0/bin/../lib/gcc/x86_64-unknown-linux-gnu/9.3.0 -L/cvmfs/cms.cern.ch/slc7_amd64_gcc900/external/gcc/9.3.0/bin/../lib/gcc -L/cvmfs/cms.cern.ch/slc7_amd64_gcc900/external/gcc/9.3.0/bin/../lib/gcc/x86_64-unknown-linux-gnu/9.3.0/../../../../lib64 -L/lib/../lib64 -L/usr/lib/../lib64 -L/cvmfs/cms.cern.ch/slc7_amd64_gcc900/external/gcc/9.3.0/bin/../lib/gcc/x86_64-unknown-linux-gnu/9.3.0/../../../../x86_64-unknown-linux-gnu/lib -L/cvmfs/cms.cern.ch/slc7_amd64_gcc900/external/gcc/9.3.0/bin/../lib/gcc/x86_64-unknown-linux-gnu/9.3.0/../../.. CMakeFiles/cmTC_3639a.dir/CMakeCXXCompilerABI.cpp.o -lstdc++ -lm -lgcc_s -lgcc -lc -lgcc_s -lgcc /cvmfs/cms.cern.ch/slc7_amd64_gcc900/external/gcc/9.3.0/bin/../lib/gcc/x86_64-unknown-linux-gnu/9.3.0/crtend.o /lib/../lib64/crtn.o
COLLECT_GCC_OPTIONS='-v' '-o' 'cmTC_3639a' '-shared-libgcc' '-mtune=generic' '-march=x86-64'
gmake[1]: Leaving directory '/workfs2/cms/huahuil/4topCode/CMSSW_10_2_20_UL/src/FourTop/objectSelection/objectSelectionOptimized/build/CMakeFiles/CMakeTmp'



Parsed CXX implicit include dir info from above output: rv=done
  found start of include info
  found start of implicit include info
    add: [/cvmfs/cms.cern.ch/slc7_amd64_gcc900/external/gcc/9.3.0/bin/../lib/gcc/x86_64-unknown-linux-gnu/9.3.0/../../../../include/c++/9.3.0]
    add: [/cvmfs/cms.cern.ch/slc7_amd64_gcc900/external/gcc/9.3.0/bin/../lib/gcc/x86_64-unknown-linux-gnu/9.3.0/../../../../include/c++/9.3.0/x86_64-unknown-linux-gnu]
    add: [/cvmfs/cms.cern.ch/slc7_amd64_gcc900/external/gcc/9.3.0/bin/../lib/gcc/x86_64-unknown-linux-gnu/9.3.0/../../../../include/c++/9.3.0/backward]
    add: [/cvmfs/cms.cern.ch/slc7_amd64_gcc900/external/gcc/9.3.0/bin/../lib/gcc/x86_64-unknown-linux-gnu/9.3.0/include]
    add: [/cvmfs/cms.cern.ch/slc7_amd64_gcc900/external/gcc/9.3.0/bin/../lib/gcc/x86_64-unknown-linux-gnu/9.3.0/include-fixed]
    add: [/usr/local/include]
    add: [/cvmfs/cms.cern.ch/slc7_amd64_gcc900/external/gcc/9.3.0/bin/../lib/gcc/../../include]
    add: [/usr/include]
  end of search list found
  collapse include dir [/cvmfs/cms.cern.ch/slc7_amd64_gcc900/external/gcc/9.3.0/bin/../lib/gcc/x86_64-unknown-linux-gnu/9.3.0/../../../../include/c++/9.3.0] ==> [/cvmfs/cms.cern.ch/slc7_amd64_gcc900/external/gcc/9.3.0/include/c++/9.3.0]
  collapse include dir [/cvmfs/cms.cern.ch/slc7_amd64_gcc900/external/gcc/9.3.0/bin/../lib/gcc/x86_64-unknown-linux-gnu/9.3.0/../../../../include/c++/9.3.0/x86_64-unknown-linux-gnu] ==> [/cvmfs/cms.cern.ch/slc7_amd64_gcc900/external/gcc/9.3.0/include/c++/9.3.0/x86_64-unknown-linux-gnu]
  collapse include dir [/cvmfs/cms.cern.ch/slc7_amd64_gcc900/external/gcc/9.3.0/bin/../lib/gcc/x86_64-unknown-linux-gnu/9.3.0/../../../../include/c++/9.3.0/backward] ==> [/cvmfs/cms.cern.ch/slc7_amd64_gcc900/external/gcc/9.3.0/include/c++/9.3.0/backward]
  collapse include dir [/cvmfs/cms.cern.ch/slc7_amd64_gcc900/external/gcc/9.3.0/bin/../lib/gcc/x86_64-unknown-linux-gnu/9.3.0/include] ==> [/cvmfs/cms.cern.ch/slc7_amd64_gcc900/external/gcc/9.3.0/lib/gcc/x86_64-unknown-linux-gnu/9.3.0/include]
  collapse include dir [/cvmfs/cms.cern.ch/slc7_amd64_gcc900/external/gcc/9.3.0/bin/../lib/gcc/x86_64-unknown-linux-gnu/9.3.0/include-fixed] ==> [/cvmfs/cms.cern.ch/slc7_amd64_gcc900/external/gcc/9.3.0/lib/gcc/x86_64-unknown-linux-gnu/9.3.0/include-fixed]
  collapse include dir [/usr/local/include] ==> [/usr/local/include]
  collapse include dir [/cvmfs/cms.cern.ch/slc7_amd64_gcc900/external/gcc/9.3.0/bin/../lib/gcc/../../include] ==> [/cvmfs/cms.cern.ch/slc7_amd64_gcc900/external/gcc/9.3.0/include]
  collapse include dir [/usr/include] ==> [/usr/include]
  implicit include dirs: [/cvmfs/cms.cern.ch/slc7_amd64_gcc900/external/gcc/9.3.0/include/c++/9.3.0;/cvmfs/cms.cern.ch/slc7_amd64_gcc900/external/gcc/9.3.0/include/c++/9.3.0/x86_64-unknown-linux-gnu;/cvmfs/cms.cern.ch/slc7_amd64_gcc900/external/gcc/9.3.0/include/c++/9.3.0/backward;/cvmfs/cms.cern.ch/slc7_amd64_gcc900/external/gcc/9.3.0/lib/gcc/x86_64-unknown-linux-gnu/9.3.0/include;/cvmfs/cms.cern.ch/slc7_amd64_gcc900/external/gcc/9.3.0/lib/gcc/x86_64-unknown-linux-gnu/9.3.0/include-fixed;/usr/local/include;/cvmfs/cms.cern.ch/slc7_amd64_gcc900/external/gcc/9.3.0/include;/usr/include]


Parsed CXX implicit link information from above output:
  link line regex: [^( *|.*[/\])(ld|CMAKE_LINK_STARTFILE-NOTFOUND|([^/\]+-)?ld|collect2)[^/\]*( |$)]
  ignore line: [Change Dir: /workfs2/cms/huahuil/4topCode/CMSSW_10_2_20_UL/src/FourTop/objectSelection/objectSelectionOptimized/build/CMakeFiles/CMakeTmp]
  ignore line: []
  ignore line: [Run Build Command(s):/cvmfs/cms.cern.ch/slc7_amd64_gcc900/cms/cmssw/CMSSW_12_2_4/external/slc7_amd64_gcc900/bin/gmake cmTC_3639a/fast && /cvmfs/cms.cern.ch/slc7_amd64_gcc900/cms/cmssw/CMSSW_12_2_4/external/slc7_amd64_gcc900/bin/gmake  -f CMakeFiles/cmTC_3639a.dir/build.make CMakeFiles/cmTC_3639a.dir/build]
  ignore line: [gmake[1]: Entering directory '/workfs2/cms/huahuil/4topCode/CMSSW_10_2_20_UL/src/FourTop/objectSelection/objectSelectionOptimized/build/CMakeFiles/CMakeTmp']
  ignore line: [Building CXX object CMakeFiles/cmTC_3639a.dir/CMakeCXXCompilerABI.cpp.o]
  ignore line: [/cvmfs/cms.cern.ch/slc7_amd64_gcc900/external/gcc/9.3.0/bin/c++   -v -o CMakeFiles/cmTC_3639a.dir/CMakeCXXCompilerABI.cpp.o -c /cvmfs/cms.cern.ch/slc7_amd64_gcc900/external/cmake/3.18.2/share/cmake-3.18/Modules/CMakeCXXCompilerABI.cpp]
  ignore line: [Using built-in specs.]
  ignore line: [COLLECT_GCC=/cvmfs/cms.cern.ch/slc7_amd64_gcc900/external/gcc/9.3.0/bin/c++]
  ignore line: [Target: x86_64-unknown-linux-gnu]
  ignore line: [Configured with: ../configure --prefix=/data/cmsbld/jenkins/workspace/auto-builds/CMSSW_11_1_0_pre6-slc7_amd64_gcc900/build/CMSSW_11_1_0_pre6-build/tmp/BUILDROOT/610f04827ed0f827de9b8700ad3d9670/opt/cmssw/slc7_amd64_gcc900/external/gcc/9.3.0 --disable-multilib --disable-nls --disable-dssi --enable-languages=c,c++,fortran --enable-gnu-indirect-function --enable-__cxa_atexit --disable-libunwind-exceptions --enable-gnu-unique-object --enable-plugin --with-linker-hash-style=gnu --enable-linker-build-id --enable-ld=default --enable-lto --enable-gold=yes --with-gmp=/data/cmsbld/jenkins/workspace/auto-builds/CMSSW_11_1_0_pre6-slc7_amd64_gcc900/build/CMSSW_11_1_0_pre6-build/tmp/BUILDROOT/610f04827ed0f827de9b8700ad3d9670/opt/cmssw/slc7_amd64_gcc900/external/gcc/9.3.0 --with-mpfr=/data/cmsbld/jenkins/workspace/auto-builds/CMSSW_11_1_0_pre6-slc7_amd64_gcc900/build/CMSSW_11_1_0_pre6-build/tmp/BUILDROOT/610f04827ed0f827de9b8700ad3d9670/opt/cmssw/slc7_amd64_gcc900/external/gcc/9.3.0 --enable-bootstrap --with-mpc=/data/cmsbld/jenkins/workspace/auto-builds/CMSSW_11_1_0_pre6-slc7_amd64_gcc900/build/CMSSW_11_1_0_pre6-build/tmp/BUILDROOT/610f04827ed0f827de9b8700ad3d9670/opt/cmssw/slc7_amd64_gcc900/external/gcc/9.3.0 --with-isl=/data/cmsbld/jenkins/workspace/auto-builds/CMSSW_11_1_0_pre6-slc7_amd64_gcc900/build/CMSSW_11_1_0_pre6-build/tmp/BUILDROOT/610f04827ed0f827de9b8700ad3d9670/opt/cmssw/slc7_amd64_gcc900/external/gcc/9.3.0 --enable-checking=release --build=x86_64-unknown-linux-gnu --host=x86_64-unknown-linux-gnu --enable-libstdcxx-time=rt --enable-shared --disable-libgcj CC='gcc -fPIC' CXX='c++ -fPIC' CPP=cpp CXXCPP='c++ -E' CFLAGS=-I/data/cmsbld/jenkins/workspace/auto-builds/CMSSW_11_1_0_pre6-slc7_amd64_gcc900/build/CMSSW_11_1_0_pre6-build/tmp/BUILDROOT/610f04827ed0f827de9b8700ad3d9670/opt/cmssw/slc7_amd64_gcc900/external/gcc/9.3.0/tmp/sw/include CXXFLAGS=-I/data/cmsbld/jenkins/workspace/auto-builds/CMSSW_11_1_0_pre6-slc7_amd64_gcc900/build/CMSSW_11_1_0_pre6-build/tmp/BUILDROOT/610f04827ed0f827de9b8700ad3d9670/opt/cmssw/slc7_amd64_gcc900/external/gcc/9.3.0/tmp/sw/include LDFLAGS=-L/data/cmsbld/jenkins/workspace/auto-builds/CMSSW_11_1_0_pre6-slc7_amd64_gcc900/build/CMSSW_11_1_0_pre6-build/tmp/BUILDROOT/610f04827ed0f827de9b8700ad3d9670/opt/cmssw/slc7_amd64_gcc900/external/gcc/9.3.0/tmp/sw/lib]
  ignore line: [Thread model: posix]
  ignore line: [gcc version 9.3.0 (GCC) ]
  ignore line: [COLLECT_GCC_OPTIONS='-v' '-o' 'CMakeFiles/cmTC_3639a.dir/CMakeCXXCompilerABI.cpp.o' '-c' '-shared-libgcc' '-mtune=generic' '-march=x86-64']
  ignore line: [ /cvmfs/cms.cern.ch/slc7_amd64_gcc900/external/gcc/9.3.0/bin/../libexec/gcc/x86_64-unknown-linux-gnu/9.3.0/cc1plus -quiet -v -iprefix /cvmfs/cms.cern.ch/slc7_amd64_gcc900/external/gcc/9.3.0/bin/../lib/gcc/x86_64-unknown-linux-gnu/9.3.0/ -D_GNU_SOURCE /cvmfs/cms.cern.ch/slc7_amd64_gcc900/external/cmake/3.18.2/share/cmake-3.18/Modules/CMakeCXXCompilerABI.cpp -quiet -dumpbase CMakeCXXCompilerABI.cpp -mtune=generic -march=x86-64 -auxbase-strip CMakeFiles/cmTC_3639a.dir/CMakeCXXCompilerABI.cpp.o -version -fabi-version=0 -o /tmp/ccrMux92.s]
  ignore line: [GNU C++14 (GCC) version 9.3.0 (x86_64-unknown-linux-gnu)]
  ignore line: [	compiled by GNU C version 9.3.0  GMP version 6.2.0  MPFR version 4.0.2  MPC version 1.1.0  isl version isl-0.21-GMP]
  ignore line: []
  ignore line: [GGC heuristics: --param ggc-min-expand=100 --param ggc-min-heapsize=131072]
  ignore line: [ignoring nonexistent directory "/cvmfs/cms.cern.ch/slc7_amd64_gcc900/external/gcc/9.3.0/bin/../lib/gcc/x86_64-unknown-linux-gnu/9.3.0/../../../../x86_64-unknown-linux-gnu/include"]
  ignore line: [ignoring duplicate directory "/cvmfs/cms.cern.ch/slc7_amd64_gcc900/external/gcc/9.3.0/bin/../lib/gcc/../../lib/gcc/x86_64-unknown-linux-gnu/9.3.0/../../../../include/c++/9.3.0"]
  ignore line: [ignoring duplicate directory "/cvmfs/cms.cern.ch/slc7_amd64_gcc900/external/gcc/9.3.0/bin/../lib/gcc/../../lib/gcc/x86_64-unknown-linux-gnu/9.3.0/../../../../include/c++/9.3.0/x86_64-unknown-linux-gnu"]
  ignore line: [ignoring duplicate directory "/cvmfs/cms.cern.ch/slc7_amd64_gcc900/external/gcc/9.3.0/bin/../lib/gcc/../../lib/gcc/x86_64-unknown-linux-gnu/9.3.0/../../../../include/c++/9.3.0/backward"]
  ignore line: [ignoring duplicate directory "/cvmfs/cms.cern.ch/slc7_amd64_gcc900/external/gcc/9.3.0/bin/../lib/gcc/../../lib/gcc/x86_64-unknown-linux-gnu/9.3.0/include"]
  ignore line: [ignoring duplicate directory "/cvmfs/cms.cern.ch/slc7_amd64_gcc900/external/gcc/9.3.0/bin/../lib/gcc/../../lib/gcc/x86_64-unknown-linux-gnu/9.3.0/include-fixed"]
  ignore line: [ignoring nonexistent directory "/cvmfs/cms.cern.ch/slc7_amd64_gcc900/external/gcc/9.3.0/bin/../lib/gcc/../../lib/gcc/x86_64-unknown-linux-gnu/9.3.0/../../../../x86_64-unknown-linux-gnu/include"]
  ignore line: [#include "..." search starts here:]
  ignore line: [#include <...> search starts here:]
  ignore line: [ /cvmfs/cms.cern.ch/slc7_amd64_gcc900/external/gcc/9.3.0/bin/../lib/gcc/x86_64-unknown-linux-gnu/9.3.0/../../../../include/c++/9.3.0]
  ignore line: [ /cvmfs/cms.cern.ch/slc7_amd64_gcc900/external/gcc/9.3.0/bin/../lib/gcc/x86_64-unknown-linux-gnu/9.3.0/../../../../include/c++/9.3.0/x86_64-unknown-linux-gnu]
  ignore line: [ /cvmfs/cms.cern.ch/slc7_amd64_gcc900/external/gcc/9.3.0/bin/../lib/gcc/x86_64-unknown-linux-gnu/9.3.0/../../../../include/c++/9.3.0/backward]
  ignore line: [ /cvmfs/cms.cern.ch/slc7_amd64_gcc900/external/gcc/9.3.0/bin/../lib/gcc/x86_64-unknown-linux-gnu/9.3.0/include]
  ignore line: [ /cvmfs/cms.cern.ch/slc7_amd64_gcc900/external/gcc/9.3.0/bin/../lib/gcc/x86_64-unknown-linux-gnu/9.3.0/include-fixed]
  ignore line: [ /usr/local/include]
  ignore line: [ /cvmfs/cms.cern.ch/slc7_amd64_gcc900/external/gcc/9.3.0/bin/../lib/gcc/../../include]
  ignore line: [ /usr/include]
  ignore line: [End of search list.]
  ignore line: [GNU C++14 (GCC) version 9.3.0 (x86_64-unknown-linux-gnu)]
  ignore line: [	compiled by GNU C version 9.3.0  GMP version 6.2.0  MPFR version 4.0.2  MPC version 1.1.0  isl version isl-0.21-GMP]
  ignore line: []
  ignore line: [GGC heuristics: --param ggc-min-expand=100 --param ggc-min-heapsize=131072]
  ignore line: [Compiler executable checksum: 89553d93bbed0b6688c54faff415c0e7]
  ignore line: [COLLECT_GCC_OPTIONS='-v' '-o' 'CMakeFiles/cmTC_3639a.dir/CMakeCXXCompilerABI.cpp.o' '-c' '-shared-libgcc' '-mtune=generic' '-march=x86-64']
  ignore line: [ /cvmfs/cms.cern.ch/slc7_amd64_gcc900/external/gcc/9.3.0/bin/../lib/gcc/x86_64-unknown-linux-gnu/9.3.0/../../../../x86_64-unknown-linux-gnu/bin/as -v --64 -o CMakeFiles/cmTC_3639a.dir/CMakeCXXCompilerABI.cpp.o /tmp/ccrMux92.s]
  ignore line: [GNU assembler version 2.32 (x86_64-unknown-linux-gnu) using BFD version (GNU Binutils) 2.32]
  ignore line: [COMPILER_PATH=/cvmfs/cms.cern.ch/slc7_amd64_gcc900/external/gcc/9.3.0/bin/../libexec/gcc/x86_64-unknown-linux-gnu/9.3.0/:/cvmfs/cms.cern.ch/slc7_amd64_gcc900/external/gcc/9.3.0/bin/../libexec/gcc/:/cvmfs/cms.cern.ch/slc7_amd64_gcc900/external/gcc/9.3.0/bin/../lib/gcc/x86_64-unknown-linux-gnu/9.3.0/../../../../x86_64-unknown-linux-gnu/bin/]
  ignore line: [LIBRARY_PATH=/cvmfs/cms.cern.ch/slc7_amd64_gcc900/external/gcc/9.3.0/bin/../lib/gcc/x86_64-unknown-linux-gnu/9.3.0/:/cvmfs/cms.cern.ch/slc7_amd64_gcc900/external/gcc/9.3.0/bin/../lib/gcc/:/cvmfs/cms.cern.ch/slc7_amd64_gcc900/external/gcc/9.3.0/bin/../lib/gcc/x86_64-unknown-linux-gnu/9.3.0/../../../../lib64/:/lib/../lib64/:/usr/lib/../lib64/:/cvmfs/cms.cern.ch/slc7_amd64_gcc900/external/gcc/9.3.0/bin/../lib/gcc/x86_64-unknown-linux-gnu/9.3.0/../../../../x86_64-unknown-linux-gnu/lib/:/cvmfs/cms.cern.ch/slc7_amd64_gcc900/external/gcc/9.3.0/bin/../lib/gcc/x86_64-unknown-linux-gnu/9.3.0/../../../:/lib/:/usr/lib/]
  ignore line: [COLLECT_GCC_OPTIONS='-v' '-o' 'CMakeFiles/cmTC_3639a.dir/CMakeCXXCompilerABI.cpp.o' '-c' '-shared-libgcc' '-mtune=generic' '-march=x86-64']
  ignore line: [Linking CXX executable cmTC_3639a]
  ignore line: [/cvmfs/cms.cern.ch/slc7_amd64_gcc900/external/cmake/3.18.2/bin/cmake -E cmake_link_script CMakeFiles/cmTC_3639a.dir/link.txt --verbose=1]
  ignore line: [/cvmfs/cms.cern.ch/slc7_amd64_gcc900/external/gcc/9.3.0/bin/c++  -v CMakeFiles/cmTC_3639a.dir/CMakeCXXCompilerABI.cpp.o -o cmTC_3639a ]
  ignore line: [Using built-in specs.]
  ignore line: [COLLECT_GCC=/cvmfs/cms.cern.ch/slc7_amd64_gcc900/external/gcc/9.3.0/bin/c++]
  ignore line: [COLLECT_LTO_WRAPPER=/cvmfs/cms.cern.ch/slc7_amd64_gcc900/external/gcc/9.3.0/bin/../libexec/gcc/x86_64-unknown-linux-gnu/9.3.0/lto-wrapper]
  ignore line: [Target: x86_64-unknown-linux-gnu]
  ignore line: [Configured with: ../configure --prefix=/data/cmsbld/jenkins/workspace/auto-builds/CMSSW_11_1_0_pre6-slc7_amd64_gcc900/build/CMSSW_11_1_0_pre6-build/tmp/BUILDROOT/610f04827ed0f827de9b8700ad3d9670/opt/cmssw/slc7_amd64_gcc900/external/gcc/9.3.0 --disable-multilib --disable-nls --disable-dssi --enable-languages=c,c++,fortran --enable-gnu-indirect-function --enable-__cxa_atexit --disable-libunwind-exceptions --enable-gnu-unique-object --enable-plugin --with-linker-hash-style=gnu --enable-linker-build-id --enable-ld=default --enable-lto --enable-gold=yes --with-gmp=/data/cmsbld/jenkins/workspace/auto-builds/CMSSW_11_1_0_pre6-slc7_amd64_gcc900/build/CMSSW_11_1_0_pre6-build/tmp/BUILDROOT/610f04827ed0f827de9b8700ad3d9670/opt/cmssw/slc7_amd64_gcc900/external/gcc/9.3.0 --with-mpfr=/data/cmsbld/jenkins/workspace/auto-builds/CMSSW_11_1_0_pre6-slc7_amd64_gcc900/build/CMSSW_11_1_0_pre6-build/tmp/BUILDROOT/610f04827ed0f827de9b8700ad3d9670/opt/cmssw/slc7_amd64_gcc900/external/gcc/9.3.0 --enable-bootstrap --with-mpc=/data/cmsbld/jenkins/workspace/auto-builds/CMSSW_11_1_0_pre6-slc7_amd64_gcc900/build/CMSSW_11_1_0_pre6-build/tmp/BUILDROOT/610f04827ed0f827de9b8700ad3d9670/opt/cmssw/slc7_amd64_gcc900/external/gcc/9.3.0 --with-isl=/data/cmsbld/jenkins/workspace/auto-builds/CMSSW_11_1_0_pre6-slc7_amd64_gcc900/build/CMSSW_11_1_0_pre6-build/tmp/BUILDROOT/610f04827ed0f827de9b8700ad3d9670/opt/cmssw/slc7_amd64_gcc900/external/gcc/9.3.0 --enable-checking=release --build=x86_64-unknown-linux-gnu --host=x86_64-unknown-linux-gnu --enable-libstdcxx-time=rt --enable-shared --disable-libgcj CC='gcc -fPIC' CXX='c++ -fPIC' CPP=cpp CXXCPP='c++ -E' CFLAGS=-I/data/cmsbld/jenkins/workspace/auto-builds/CMSSW_11_1_0_pre6-slc7_amd64_gcc900/build/CMSSW_11_1_0_pre6-build/tmp/BUILDROOT/610f04827ed0f827de9b8700ad3d9670/opt/cmssw/slc7_amd64_gcc900/external/gcc/9.3.0/tmp/sw/include CXXFLAGS=-I/data/cmsbld/jenkins/workspace/auto-builds/CMSSW_11_1_0_pre6-slc7_amd64_gcc900/build/CMSSW_11_1_0_pre6-build/tmp/BUILDROOT/610f04827ed0f827de9b8700ad3d9670/opt/cmssw/slc7_amd64_gcc900/external/gcc/9.3.0/tmp/sw/include LDFLAGS=-L/data/cmsbld/jenkins/workspace/auto-builds/CMSSW_11_1_0_pre6-slc7_amd64_gcc900/build/CMSSW_11_1_0_pre6-build/tmp/BUILDROOT/610f04827ed0f827de9b8700ad3d9670/opt/cmssw/slc7_amd64_gcc900/external/gcc/9.3.0/tmp/sw/lib]
  ignore line: [Thread model: posix]
  ignore line: [gcc version 9.3.0 (GCC) ]
  ignore line: [COMPILER_PATH=/cvmfs/cms.cern.ch/slc7_amd64_gcc900/external/gcc/9.3.0/bin/../libexec/gcc/x86_64-unknown-linux-gnu/9.3.0/:/cvmfs/cms.cern.ch/slc7_amd64_gcc900/external/gcc/9.3.0/bin/../libexec/gcc/:/cvmfs/cms.cern.ch/slc7_amd64_gcc900/external/gcc/9.3.0/bin/../lib/gcc/x86_64-unknown-linux-gnu/9.3.0/../../../../x86_64-unknown-linux-gnu/bin/]
  ignore line: [LIBRARY_PATH=/cvmfs/cms.cern.ch/slc7_amd64_gcc900/external/gcc/9.3.0/bin/../lib/gcc/x86_64-unknown-linux-gnu/9.3.0/:/cvmfs/cms.cern.ch/slc7_amd64_gcc900/external/gcc/9.3.0/bin/../lib/gcc/:/cvmfs/cms.cern.ch/slc7_amd64_gcc900/external/gcc/9.3.0/bin/../lib/gcc/x86_64-unknown-linux-gnu/9.3.0/../../../../lib64/:/lib/../lib64/:/usr/lib/../lib64/:/cvmfs/cms.cern.ch/slc7_amd64_gcc900/external/gcc/9.3.0/bin/../lib/gcc/x86_64-unknown-linux-gnu/9.3.0/../../../../x86_64-unknown-linux-gnu/lib/:/cvmfs/cms.cern.ch/slc7_amd64_gcc900/external/gcc/9.3.0/bin/../lib/gcc/x86_64-unknown-linux-gnu/9.3.0/../../../:/lib/:/usr/lib/]
  ignore line: [COLLECT_GCC_OPTIONS='-v' '-o' 'cmTC_3639a' '-shared-libgcc' '-mtune=generic' '-march=x86-64']
  link line: [ /cvmfs/cms.cern.ch/slc7_amd64_gcc900/external/gcc/9.3.0/bin/../libexec/gcc/x86_64-unknown-linux-gnu/9.3.0/collect2 -plugin /cvmfs/cms.cern.ch/slc7_amd64_gcc900/external/gcc/9.3.0/bin/../libexec/gcc/x86_64-unknown-linux-gnu/9.3.0/liblto_plugin.so -plugin-opt=/cvmfs/cms.cern.ch/slc7_amd64_gcc900/external/gcc/9.3.0/bin/../libexec/gcc/x86_64-unknown-linux-gnu/9.3.0/lto-wrapper -plugin-opt=-fresolution=/tmp/ccfOFFGs.res -plugin-opt=-pass-through=-lgcc_s -plugin-opt=-pass-through=-lgcc -plugin-opt=-pass-through=-lc -plugin-opt=-pass-through=-lgcc_s -plugin-opt=-pass-through=-lgcc --build-id --eh-frame-hdr --hash-style=gnu -m elf_x86_64 -dynamic-linker /lib64/ld-linux-x86-64.so.2 -z common-page-size=4096 -z max-page-size=4096 -o cmTC_3639a /lib/../lib64/crt1.o /lib/../lib64/crti.o /cvmfs/cms.cern.ch/slc7_amd64_gcc900/external/gcc/9.3.0/bin/../lib/gcc/x86_64-unknown-linux-gnu/9.3.0/crtbegin.o -L/cvmfs/cms.cern.ch/slc7_amd64_gcc900/external/gcc/9.3.0/bin/../lib/gcc/x86_64-unknown-linux-gnu/9.3.0 -L/cvmfs/cms.cern.ch/slc7_amd64_gcc900/external/gcc/9.3.0/bin/../lib/gcc -L/cvmfs/cms.cern.ch/slc7_amd64_gcc900/external/gcc/9.3.0/bin/../lib/gcc/x86_64-unknown-linux-gnu/9.3.0/../../../../lib64 -L/lib/../lib64 -L/usr/lib/../lib64 -L/cvmfs/cms.cern.ch/slc7_amd64_gcc900/external/gcc/9.3.0/bin/../lib/gcc/x86_64-unknown-linux-gnu/9.3.0/../../../../x86_64-unknown-linux-gnu/lib -L/cvmfs/cms.cern.ch/slc7_amd64_gcc900/external/gcc/9.3.0/bin/../lib/gcc/x86_64-unknown-linux-gnu/9.3.0/../../.. CMakeFiles/cmTC_3639a.dir/CMakeCXXCompilerABI.cpp.o -lstdc++ -lm -lgcc_s -lgcc -lc -lgcc_s -lgcc /cvmfs/cms.cern.ch/slc7_amd64_gcc900/external/gcc/9.3.0/bin/../lib/gcc/x86_64-unknown-linux-gnu/9.3.0/crtend.o /lib/../lib64/crtn.o]
    arg [/cvmfs/cms.cern.ch/slc7_amd64_gcc900/external/gcc/9.3.0/bin/../libexec/gcc/x86_64-unknown-linux-gnu/9.3.0/collect2] ==> ignore
    arg [-plugin] ==> ignore
    arg [/cvmfs/cms.cern.ch/slc7_amd64_gcc900/external/gcc/9.3.0/bin/../libexec/gcc/x86_64-unknown-linux-gnu/9.3.0/liblto_plugin.so] ==> ignore
    arg [-plugin-opt=/cvmfs/cms.cern.ch/slc7_amd64_gcc900/external/gcc/9.3.0/bin/../libexec/gcc/x86_64-unknown-linux-gnu/9.3.0/lto-wrapper] ==> ignore
    arg [-plugin-opt=-fresolution=/tmp/ccfOFFGs.res] ==> ignore
    arg [-plugin-opt=-pass-through=-lgcc_s] ==> ignore
    arg [-plugin-opt=-pass-through=-lgcc] ==> ignore
    arg [-plugin-opt=-pass-through=-lc] ==> ignore
    arg [-plugin-opt=-pass-through=-lgcc_s] ==> ignore
    arg [-plugin-opt=-pass-through=-lgcc] ==> ignore
    arg [--build-id] ==> ignore
    arg [--eh-frame-hdr] ==> ignore
    arg [--hash-style=gnu] ==> ignore
    arg [-m] ==> ignore
    arg [elf_x86_64] ==> ignore
    arg [-dynamic-linker] ==> ignore
    arg [/lib64/ld-linux-x86-64.so.2] ==> ignore
    arg [-zcommon-page-size=4096] ==> ignore
    arg [-zmax-page-size=4096] ==> ignore
    arg [-o] ==> ignore
    arg [cmTC_3639a] ==> ignore
    arg [/lib/../lib64/crt1.o] ==> ignore
    arg [/lib/../lib64/crti.o] ==> ignore
    arg [/cvmfs/cms.cern.ch/slc7_amd64_gcc900/external/gcc/9.3.0/bin/../lib/gcc/x86_64-unknown-linux-gnu/9.3.0/crtbegin.o] ==> ignore
    arg [-L/cvmfs/cms.cern.ch/slc7_amd64_gcc900/external/gcc/9.3.0/bin/../lib/gcc/x86_64-unknown-linux-gnu/9.3.0] ==> dir [/cvmfs/cms.cern.ch/slc7_amd64_gcc900/external/gcc/9.3.0/bin/../lib/gcc/x86_64-unknown-linux-gnu/9.3.0]
    arg [-L/cvmfs/cms.cern.ch/slc7_amd64_gcc900/external/gcc/9.3.0/bin/../lib/gcc] ==> dir [/cvmfs/cms.cern.ch/slc7_amd64_gcc900/external/gcc/9.3.0/bin/../lib/gcc]
    arg [-L/cvmfs/cms.cern.ch/slc7_amd64_gcc900/external/gcc/9.3.0/bin/../lib/gcc/x86_64-unknown-linux-gnu/9.3.0/../../../../lib64] ==> dir [/cvmfs/cms.cern.ch/slc7_amd64_gcc900/external/gcc/9.3.0/bin/../lib/gcc/x86_64-unknown-linux-gnu/9.3.0/../../../../lib64]
    arg [-L/lib/../lib64] ==> dir [/lib/../lib64]
    arg [-L/usr/lib/../lib64] ==> dir [/usr/lib/../lib64]
    arg [-L/cvmfs/cms.cern.ch/slc7_amd64_gcc900/external/gcc/9.3.0/bin/../lib/gcc/x86_64-unknown-linux-gnu/9.3.0/../../../../x86_64-unknown-linux-gnu/lib] ==> dir [/cvmfs/cms.cern.ch/slc7_amd64_gcc900/external/gcc/9.3.0/bin/../lib/gcc/x86_64-unknown-linux-gnu/9.3.0/../../../../x86_64-unknown-linux-gnu/lib]
    arg [-L/cvmfs/cms.cern.ch/slc7_amd64_gcc900/external/gcc/9.3.0/bin/../lib/gcc/x86_64-unknown-linux-gnu/9.3.0/../../..] ==> dir [/cvmfs/cms.cern.ch/slc7_amd64_gcc900/external/gcc/9.3.0/bin/../lib/gcc/x86_64-unknown-linux-gnu/9.3.0/../../..]
    arg [CMakeFiles/cmTC_3639a.dir/CMakeCXXCompilerABI.cpp.o] ==> ignore
    arg [-lstdc++] ==> lib [stdc++]
    arg [-lm] ==> lib [m]
    arg [-lgcc_s] ==> lib [gcc_s]
    arg [-lgcc] ==> lib [gcc]
    arg [-lc] ==> lib [c]
    arg [-lgcc_s] ==> lib [gcc_s]
    arg [-lgcc] ==> lib [gcc]
    arg [/cvmfs/cms.cern.ch/slc7_amd64_gcc900/external/gcc/9.3.0/bin/../lib/gcc/x86_64-unknown-linux-gnu/9.3.0/crtend.o] ==> ignore
    arg [/lib/../lib64/crtn.o] ==> ignore
  collapse library dir [/cvmfs/cms.cern.ch/slc7_amd64_gcc900/external/gcc/9.3.0/bin/../lib/gcc/x86_64-unknown-linux-gnu/9.3.0] ==> [/cvmfs/cms.cern.ch/slc7_amd64_gcc900/external/gcc/9.3.0/lib/gcc/x86_64-unknown-linux-gnu/9.3.0]
  collapse library dir [/cvmfs/cms.cern.ch/slc7_amd64_gcc900/external/gcc/9.3.0/bin/../lib/gcc] ==> [/cvmfs/cms.cern.ch/slc7_amd64_gcc900/external/gcc/9.3.0/lib/gcc]
  collapse library dir [/cvmfs/cms.cern.ch/slc7_amd64_gcc900/external/gcc/9.3.0/bin/../lib/gcc/x86_64-unknown-linux-gnu/9.3.0/../../../../lib64] ==> [/cvmfs/cms.cern.ch/slc7_amd64_gcc900/external/gcc/9.3.0/lib64]
  collapse library dir [/lib/../lib64] ==> [/lib64]
  collapse library dir [/usr/lib/../lib64] ==> [/usr/lib64]
  collapse library dir [/cvmfs/cms.cern.ch/slc7_amd64_gcc900/external/gcc/9.3.0/bin/../lib/gcc/x86_64-unknown-linux-gnu/9.3.0/../../../../x86_64-unknown-linux-gnu/lib] ==> [/cvmfs/cms.cern.ch/slc7_amd64_gcc900/external/gcc/9.3.0/x86_64-unknown-linux-gnu/lib]
  collapse library dir [/cvmfs/cms.cern.ch/slc7_amd64_gcc900/external/gcc/9.3.0/bin/../lib/gcc/x86_64-unknown-linux-gnu/9.3.0/../../..] ==> [/cvmfs/cms.cern.ch/slc7_amd64_gcc900/external/gcc/9.3.0/lib]
  implicit libs: [stdc++;m;gcc_s;gcc;c;gcc_s;gcc]
  implicit dirs: [/cvmfs/cms.cern.ch/slc7_amd64_gcc900/external/gcc/9.3.0/lib/gcc/x86_64-unknown-linux-gnu/9.3.0;/cvmfs/cms.cern.ch/slc7_amd64_gcc900/external/gcc/9.3.0/lib/gcc;/cvmfs/cms.cern.ch/slc7_amd64_gcc900/external/gcc/9.3.0/lib64;/lib64;/usr/lib64;/cvmfs/cms.cern.ch/slc7_amd64_gcc900/external/gcc/9.3.0/x86_64-unknown-linux-gnu/lib;/cvmfs/cms.cern.ch/slc7_amd64_gcc900/external/gcc/9.3.0/lib]
  implicit fwks: []


